<?xml version="1.0" encoding="UTF-8"?>
<!-- Generated by org.testng.reporters.JUnitReportReporter -->
<testsuite hostname="bala" failures="0" tests="4" name="org.temp.amazon.tc.TCs" time="143.703" errors="0" timestamp="13 Nov 2021 08:45:43 GMT" skipped="0">
  <testcase classname="org.temp.amazon.tc.TCs" name="t_02_product_search" time="31.138"/>
  <testcase classname="org.temp.amazon.tc.TCs" name="t_01_product_search" time="55.867"/>
  <testcase classname="org.temp.amazon.tc.TCs" name="t_04_product_search" time="13.245"/>
  <testcase classname="org.temp.amazon.tc.TCs" name="t_03_product_search" time="43.453"/>
</testsuite> <!-- org.temp.amazon.tc.TCs -->
